C51 COMPILER V9.59.0.0   NTC                                                               03/04/2019 00:35:40 PAGE 1   


C51 COMPILER V9.59.0.0, COMPILATION OF MODULE NTC
OBJECT MODULE PLACED IN .\Objects\NTC.obj
COMPILER INVOKED BY: C:\Keil_v5\C51\BIN\C51.EXE NTC.c OPTIMIZE(8,SPEED) BROWSE DEBUG OBJECTEXTEND PRINT(.\Listings\NTC.l
                    -st) TABS(2) OBJECT(.\Objects\NTC.obj)

line level    source

   1          #include "math.h"
   2          #include "NTC.h"
   3          
   4          const float code NTC_Rp=10000.0; //10K
   5          const float code NTC_T2 = (273.15+25.0);//T2
   6          const float code NTC_Bx = 3950.0;//B
   7          const float code NTC_Ka = 273.15;
   8          unsigned int xdata NTC_ADC_Value = 0;
   9          
  10          float Get_Temperature(unsigned long NTC_Rt)
  11          {
  12   1        float temp;
  13   1        //like this R=5000, T2=273.15+25,B=3470, RT=5000*EXP(3470*(1/T1-1/(273.15+25)),  
  14   1        temp = NTC_Rt/NTC_Rp;
  15   1        temp = log(temp);//ln(Rt/Rp)
  16   1        temp/=NTC_Bx;//ln(Rt/Rp)/B
  17   1        temp+=(1/NTC_T2);
  18   1        temp = 1/(temp);
  19   1        temp-=NTC_Ka;
  20   1        return temp;
  21   1      } 


MODULE INFORMATION:   STATIC OVERLAYABLE
   CODE SIZE        =    144    ----
   CONSTANT SIZE    =     16    ----
   XDATA SIZE       =      2    ----
   PDATA SIZE       =   ----    ----
   DATA SIZE        =   ----       4
   IDATA SIZE       =   ----    ----
   BIT SIZE         =   ----    ----
END OF MODULE INFORMATION.


C51 COMPILATION COMPLETE.  0 WARNING(S),  0 ERROR(S)
